<?xml version="1.0" encoding="UTF-8"?>
<!-- Generated by org.testng.reporters.JUnitReportReporter -->
<testsuite hostname="Home" name="Testngproject.Firefoxadvanceduser" tests="3" failures="0" timestamp="22 Aug 2019 14:45:55 GMT" time="6.239" errors="0">
  <testcase name="about" time="5.433" classname="Testngproject.Firefoxadvanceduser"/>
  <testcase name="doubleclick" time="0.422" classname="Testngproject.Firefoxadvanceduser"/>
  <testcase name="rightclick" time="0.384" classname="Testngproject.Firefoxadvanceduser"/>
</testsuite> <!-- Testngproject.Firefoxadvanceduser -->
