<?xml version="1.0" encoding="UTF-8"?>
<!-- Generated by org.testng.reporters.JUnitReportReporter -->
<testsuite hostname="Home" name="Testngproject.Firefoxpopups" tests="1" failures="0" timestamp="28 Aug 2019 04:09:51 GMT" time="0.093" errors="0">
  <testcase name="popup" time="0.093" classname="Testngproject.Firefoxpopups"/>
</testsuite> <!-- Testngproject.Firefoxpopups -->
