<?xml version="1.0" encoding="UTF-8"?>
<!-- Generated by org.testng.reporters.JUnitReportReporter -->
<testsuite hostname="Home" name="Testngproject.Demotest" tests="5" failures="0" timestamp="15 Aug 2019 03:58:16 GMT" time="0.000" errors="0">
  <testcase name="drepoerts" time="0.000" classname="Testngproject.Demotest"/>
  <testcase name="login" time="0.000" classname="Testngproject.Demotest"/>
  <testcase name="Register" time="0.000" classname="Testngproject.Demotest"/>
  <testcase name="logout" time="0.000" classname="Testngproject.Demotest"/>
  <testcase name="sendreports" time="0.000" classname="Testngproject.Demotest"/>
</testsuite> <!-- Testngproject.Demotest -->
