<?xml version="1.0" encoding="UTF-8"?>
<!-- Generated by org.testng.reporters.JUnitReportReporter -->
<testsuite hostname="Home" name="Testngproject.Firefoxproperties" tests="1" failures="0" timestamp="28 Aug 2019 03:14:24 GMT" time="5.613" errors="0">
  <testcase name="login" time="5.613" classname="Testngproject.Firefoxproperties"/>
</testsuite> <!-- Testngproject.Firefoxproperties -->
