<?xml version="1.0" encoding="UTF-8"?>
<!-- Generated by org.testng.reporters.JUnitReportReporter -->
<testsuite hostname="Home" name="Testngproject.Chromeautoit" tests="1" failures="0" timestamp="28 Aug 2019 03:31:31 GMT" time="0.656" errors="0">
  <testcase name="cutpic" time="0.656" classname="Testngproject.Chromeautoit"/>
</testsuite> <!-- Testngproject.Chromeautoit -->
