<?xml version="1.0" encoding="UTF-8"?>
<!-- Generated by org.testng.reporters.JUnitReportReporter -->
<testsuite hostname="Home" name="Testngproject.Solotest3" tests="4" failures="0" timestamp="10 Oct 2019 09:04:16 GMT" time="2.474" errors="0">
  <testcase name="escape" time="0.115" classname="Testngproject.Solotest3"/>
  <testcase name="tab" time="2.102" classname="Testngproject.Solotest3"/>
  <testcase name="space" time="0.110" classname="Testngproject.Solotest3"/>
  <testcase name="enter" time="0.147" classname="Testngproject.Solotest3"/>
</testsuite> <!-- Testngproject.Solotest3 -->
