<?xml version="1.0" encoding="UTF-8"?>
<!-- Generated by org.testng.reporters.JUnitReportReporter -->
<testsuite hostname="Home" name="Testngproject.Firefoxwindows" tests="3" failures="0" timestamp="27 Aug 2019 03:44:54 GMT" time="31.626" errors="0">
  <testcase name="sedownload" time="9.706" classname="Testngproject.Firefoxwindows"/>
  <testcase name="cutebaby" time="7.281" classname="Testngproject.Firefoxwindows"/>
  <testcase name="photo" time="14.639" classname="Testngproject.Firefoxwindows"/>
</testsuite> <!-- Testngproject.Firefoxwindows -->
