<?xml version="1.0" encoding="UTF-8"?>
<!-- Generated by org.testng.reporters.JUnitReportReporter -->
<testsuite hostname="Home" name="Testngproject.Chromeadvanceduser" tests="3" failures="0" timestamp="28 Aug 2019 03:31:31 GMT" time="22.022" errors="0">
  <testcase name="mouse" time="0.158" classname="Testngproject.Chromeadvanceduser"/>
  <testcase name="dclic" time="21.681" classname="Testngproject.Chromeadvanceduser"/>
  <testcase name="rclick" time="0.183" classname="Testngproject.Chromeadvanceduser"/>
</testsuite> <!-- Testngproject.Chromeadvanceduser -->
