<?xml version="1.0" encoding="UTF-8"?>
<!-- Generated by org.testng.reporters.JUnitReportReporter -->
<testsuite hostname="Home" name="Testngproject.Firefoxdownload" tests="1" failures="0" timestamp="27 Aug 2019 03:42:09 GMT" time="0.848" errors="0">
  <testcase name="firstdown" time="0.848" classname="Testngproject.Firefoxdownload"/>
</testsuite> <!-- Testngproject.Firefoxdownload -->
