<?xml version="1.0" encoding="UTF-8"?>
<!-- Generated by org.testng.reporters.JUnitReportReporter -->
<testsuite hostname="Home" name="Testngproject.Firefoxautoit" tests="3" failures="0" timestamp="23 Aug 2019 04:42:13 GMT" time="18.615" errors="0">
  <testcase name="upphoto" time="5.358" classname="Testngproject.Firefoxautoit"/>
  <testcase name="cutebaby" time="6.329" classname="Testngproject.Firefoxautoit"/>
  <testcase name="sedown" time="6.928" classname="Testngproject.Firefoxautoit"/>
</testsuite> <!-- Testngproject.Firefoxautoit -->
