<?xml version="1.0" encoding="UTF-8"?>
<!-- Generated by org.testng.reporters.JUnitReportReporter -->
<testsuite hostname="Home" name="Testngproject.Firefoxwebelements" tests="2" failures="0" timestamp="21 Aug 2019 12:07:39 GMT" time="38.194" errors="0">
  <testcase name="drops" time="2.035" classname="Testngproject.Firefoxwebelements"/>
  <testcase name="links" time="36.159" classname="Testngproject.Firefoxwebelements"/>
</testsuite> <!-- Testngproject.Firefoxwebelements -->
