<?xml version="1.0" encoding="UTF-8"?>
<!-- Generated by org.testng.reporters.JUnitReportReporter -->
<testsuite hostname="Home" name="Testngproject.solotest2" tests="3" failures="0" timestamp="10 Oct 2019 08:40:56 GMT" time="8.132" errors="0">
  <testcase name="check" time="0.042" classname="Testngproject.solotest2"/>
  <testcase name="scrollup" time="4.036" classname="Testngproject.solotest2"/>
  <testcase name="scrolldown" time="4.054" classname="Testngproject.solotest2"/>
</testsuite> <!-- Testngproject.solotest2 -->
