<?xml version="1.0" encoding="UTF-8"?>
<!-- Generated by org.testng.reporters.JUnitReportReporter -->
<testsuite hostname="Home" name="Testngproject.Chrometestng" tests="3" failures="0" timestamp="10 Oct 2019 07:52:54 GMT" time="25.989" errors="0">
  <testcase name="login" time="25.040" classname="Testngproject.Chrometestng"/>
  <testcase name="verify" time="0.111" classname="Testngproject.Chrometestng"/>
  <testcase name="logout" time="0.838" classname="Testngproject.Chrometestng"/>
</testsuite> <!-- Testngproject.Chrometestng -->
